<?xml version="1.0" encoding="UTF-8"?>
<!-- Generated by org.testng.reporters.JUnitReportReporter -->
<testsuite hostname="Annapurna" failures="0" tests="1" name="tasks.Task1" time="0.028" errors="0" timestamp="2024-08-29T11:49:16 IST" skipped="0">
  <testcase classname="tasks.Task1" name="Login" time="0.028"/>
</testsuite> <!-- tasks.Task1 -->
