<?xml version="1.0" encoding="UTF-8"?>
<!-- Generated by org.testng.reporters.JUnitReportReporter -->
<testsuite hostname="Annapurna" failures="0" tests="1" name="tasks.Task4" time="7.487" errors="0" timestamp="2024-08-31T16:50:16 IST" skipped="0">
  <testcase classname="tasks.Task4" name="Shopping_Cart" time="7.487"/>
</testsuite> <!-- tasks.Task4 -->
